<?xml version="1.0" encoding="UTF-8"?>
<!-- Generated by org.testng.reporters.JUnitXMLReporter -->
<testsuite ignored="2" hostname="DESKTOP-A92GSCV" failures="0" tests="1" name="Default test" time="30.657" errors="0" timestamp="2024-11-18T18:41:16 IST">
  <testcase classname="com.runner.ClassTest5" name="operationsOnProduct" time="26.01"/>
  <testcase classname="com.runner.ClassTest5" name="loginToQkart" time="0.0">
    <ignored/>
  </testcase> <!-- loginToQkart -->
  <testcase classname="com.runner.ClassTest5" name="registerToQkart" time="0.0">
    <ignored/>
  </testcase> <!-- registerToQkart -->
</testsuite> <!-- Default test -->
