<?xml version="1.0" encoding="UTF-8"?>
<testng-results ignored="0" total="1" passed="1" failed="0" skipped="0">
  <reporter-output>
  </reporter-output>
  <suite started-at="2024-11-18T18:40:45 IST" name="Default suite" finished-at="2024-11-18T18:41:16 IST" duration-ms="30657">
    <groups>
    </groups>
    <test started-at="2024-11-18T18:40:45 IST" name="Default test" finished-at="2024-11-18T18:41:16 IST" duration-ms="30657">
      <class name="com.runner.ClassTest5">
        <test-method is-config="true" signature="launchBrowser()[pri:0, instance:com.runner.ClassTest5@17503f6b]" started-at="2024-11-18T18:40:45 IST" name="launchBrowser" finished-at="2024-11-18T18:40:49 IST" duration-ms="4270" status="PASS">
          <reporter-output>
          </reporter-output>
        </test-method> <!-- launchBrowser -->
        <test-method signature="operationsOnProduct()[pri:0, instance:com.runner.ClassTest5@17503f6b]" started-at="2024-11-18T18:40:49 IST" name="operationsOnProduct" finished-at="2024-11-18T18:41:15 IST" duration-ms="26010" status="PASS">
          <reporter-output>
          </reporter-output>
        </test-method> <!-- operationsOnProduct -->
        <test-method is-config="true" signature="closeBrowser()[pri:0, instance:com.runner.ClassTest5@17503f6b]" started-at="2024-11-18T18:41:15 IST" name="closeBrowser" finished-at="2024-11-18T18:41:16 IST" duration-ms="293" status="PASS">
          <reporter-output>
          </reporter-output>
        </test-method> <!-- closeBrowser -->
      </class> <!-- com.runner.ClassTest5 -->
    </test> <!-- Default test -->
  </suite> <!-- Default suite -->
</testng-results>
